{"@timestamp":"2022-08-01T14:57:37.995-03:00","@version":"1","message":"Starting LogOneStarter using Java 17.0.3 on AGM-609823.local with PID 11367 (/Users/wedenson.freitas/git/log-study/log-level/log-level-1/target/classes started by wedenson.freitas in /Users/wedenson.freitas/git/log-study/log-level)","logger_name":"com.log.level.LogOneStarter","thread_name":"main","level":"INFO","level_value":20000}
{"@timestamp":"2022-08-01T14:57:38.005-03:00","@version":"1","message":"No active profile set, falling back to 1 default profile: \"default\"","logger_name":"com.log.level.LogOneStarter","thread_name":"main","level":"INFO","level_value":20000}
{"@timestamp":"2022-08-01T14:57:40.046-03:00","@version":"1","message":"BeanFactory id=1c666780-6e80-38f0-801c-00999835a7ce","logger_name":"org.springframework.cloud.context.scope.GenericScope","thread_name":"main","level":"INFO","level_value":20000}
{"@timestamp":"2022-08-01T14:57:41.155-03:00","@version":"1","message":"Tomcat initialized with port(s): 8081 (http)","logger_name":"org.springframework.boot.web.embedded.tomcat.TomcatWebServer","thread_name":"main","level":"INFO","level_value":20000}
{"@timestamp":"2022-08-01T14:57:41.164-03:00","@version":"1","message":"Initializing ProtocolHandler [\"http-nio-8081\"]","logger_name":"org.apache.coyote.http11.Http11NioProtocol","thread_name":"main","level":"INFO","level_value":20000}
{"@timestamp":"2022-08-01T14:57:41.165-03:00","@version":"1","message":"Starting service [Tomcat]","logger_name":"org.apache.catalina.core.StandardService","thread_name":"main","level":"INFO","level_value":20000}
{"@timestamp":"2022-08-01T14:57:41.165-03:00","@version":"1","message":"Starting Servlet engine: [Apache Tomcat/9.0.65]","logger_name":"org.apache.catalina.core.StandardEngine","thread_name":"main","level":"INFO","level_value":20000}
{"@timestamp":"2022-08-01T14:57:41.308-03:00","@version":"1","message":"Initializing Spring embedded WebApplicationContext","logger_name":"org.apache.catalina.core.ContainerBase.[Tomcat].[localhost].[/log_level_1]","thread_name":"main","level":"INFO","level_value":20000}
{"@timestamp":"2022-08-01T14:57:41.308-03:00","@version":"1","message":"Root WebApplicationContext: initialization completed in 3231 ms","logger_name":"org.springframework.boot.web.servlet.context.ServletWebServerApplicationContext","thread_name":"main","level":"INFO","level_value":20000}
{"@timestamp":"2022-08-01T14:57:44.084-03:00","@version":"1","message":"Exposing 4 endpoint(s) beneath base path '/actuator'","logger_name":"org.springframework.boot.actuate.endpoint.web.EndpointLinksResolver","thread_name":"main","level":"INFO","level_value":20000}
{"@timestamp":"2022-08-01T14:57:44.138-03:00","@version":"1","message":"Starting ProtocolHandler [\"http-nio-8081\"]","logger_name":"org.apache.coyote.http11.Http11NioProtocol","thread_name":"main","level":"INFO","level_value":20000}
{"@timestamp":"2022-08-01T14:57:44.163-03:00","@version":"1","message":"Tomcat started on port(s): 8081 (http) with context path '/log_level_1'","logger_name":"org.springframework.boot.web.embedded.tomcat.TomcatWebServer","thread_name":"main","level":"INFO","level_value":20000}
{"@timestamp":"2022-08-01T14:57:44.209-03:00","@version":"1","message":"Started LogOneStarter in 7.113 seconds (JVM running for 8.167)","logger_name":"com.log.level.LogOneStarter","thread_name":"main","level":"INFO","level_value":20000}
{"@timestamp":"2022-08-01T14:57:52.475-03:00","@version":"1","message":"Initializing Spring DispatcherServlet 'dispatcherServlet'","logger_name":"org.apache.catalina.core.ContainerBase.[Tomcat].[localhost].[/log_level_1]","thread_name":"http-nio-8081-exec-2","level":"INFO","level_value":20000,"traceId":"dcea4cf6cff1172b","spanId":"dcea4cf6cff1172b"}
{"@timestamp":"2022-08-01T14:57:52.476-03:00","@version":"1","message":"Initializing Servlet 'dispatcherServlet'","logger_name":"org.springframework.web.servlet.DispatcherServlet","thread_name":"http-nio-8081-exec-2","level":"INFO","level_value":20000,"traceId":"dcea4cf6cff1172b","spanId":"dcea4cf6cff1172b"}
{"@timestamp":"2022-08-01T14:57:52.479-03:00","@version":"1","message":"Completed initialization in 2 ms","logger_name":"org.springframework.web.servlet.DispatcherServlet","thread_name":"http-nio-8081-exec-2","level":"INFO","level_value":20000,"traceId":"dcea4cf6cff1172b","spanId":"dcea4cf6cff1172b"}
{"@timestamp":"2022-08-01T14:57:52.538-03:00","@version":"1","message":"INFO - Start: 2022-08-01T14:57:52.538423.","logger_name":"com.log.level.controller.LogController","thread_name":"http-nio-8081-exec-2","level":"INFO","level_value":20000,"traceId":"dcea4cf6cff1172b","spanId":"dcea4cf6cff1172b","customer":"abc"}
{"@timestamp":"2022-08-01T14:57:54.57-03:00","@version":"1","message":"INFO - End: 2009ms. ","logger_name":"com.log.level.controller.LogController","thread_name":"http-nio-8081-exec-2","level":"INFO","level_value":20000,"traceId":"dcea4cf6cff1172b","spanId":"dcea4cf6cff1172b","customer":"abc"}
{"@timestamp":"2022-08-01T15:00:43.423-03:00","@version":"1","message":"INFO - start - Purchase","logger_name":"com.log.level.controller.LogController","thread_name":"http-nio-8081-exec-9","level":"INFO","level_value":20000,"traceId":"78e719e3c1c05e1c","spanId":"78e719e3c1c05e1c","customer":456}
{"@timestamp":"2022-08-01T15:00:43.487-03:00","@version":"1","message":"Request: POST http://localhost:8083/log_level_3/log","logger_name":"com.log.level.config.WebClientConfig","thread_name":"http-nio-8081-exec-9","level":"INFO","level_value":20000,"traceId":"78e719e3c1c05e1c","spanId":"78e719e3c1c05e1c"}
{"@timestamp":"2022-08-01T15:00:44.539-03:00","@version":"1","message":"Response: org.springframework.web.reactive.function.client.DefaultClientResponse@601da185","logger_name":"com.log.level.config.WebClientConfig","thread_name":"reactor-http-nio-2","level":"INFO","level_value":20000,"traceId":"78e719e3c1c05e1c","spanId":"78e719e3c1c05e1c"}
{"@timestamp":"2022-08-01T15:00:44.561-03:00","@version":"1","message":"INFO - end - Purchase","logger_name":"com.log.level.controller.LogController","thread_name":"http-nio-8081-exec-9","level":"INFO","level_value":20000,"traceId":"78e719e3c1c05e1c","spanId":"78e719e3c1c05e1c"}
{"@timestamp":"2022-08-01T15:02:07.858-03:00","@version":"1","message":"INFO - start - Purchase","logger_name":"com.log.level.controller.LogController","thread_name":"http-nio-8081-exec-6","level":"INFO","level_value":20000,"traceId":"434b2e41e645c10e","spanId":"434b2e41e645c10e","customer":456}
{"@timestamp":"2022-08-01T15:02:07.878-03:00","@version":"1","message":"Request: POST http://localhost:8083/log_level_3/log","logger_name":"com.log.level.config.WebClientConfig","thread_name":"http-nio-8081-exec-6","level":"INFO","level_value":20000,"traceId":"434b2e41e645c10e","spanId":"434b2e41e645c10e"}
{"@timestamp":"2022-08-01T15:02:08.028-03:00","@version":"1","message":"Response: org.springframework.web.reactive.function.client.DefaultClientResponse@3ca802d7","logger_name":"com.log.level.config.WebClientConfig","thread_name":"reactor-http-nio-3","level":"INFO","level_value":20000,"traceId":"434b2e41e645c10e","spanId":"434b2e41e645c10e"}
{"@timestamp":"2022-08-01T15:02:08.029-03:00","@version":"1","message":"INFO - end - Purchase","logger_name":"com.log.level.controller.LogController","thread_name":"http-nio-8081-exec-6","level":"INFO","level_value":20000,"traceId":"434b2e41e645c10e","spanId":"434b2e41e645c10e"}
{"@timestamp":"2022-08-01T15:02:55.066-03:00","@version":"1","message":"INFO - start - Purchase","logger_name":"com.log.level.controller.LogController","thread_name":"http-nio-8081-exec-7","level":"INFO","level_value":20000,"traceId":"decf91ebc503dd17","spanId":"decf91ebc503dd17","customer":456}
{"@timestamp":"2022-08-01T15:02:55.075-03:00","@version":"1","message":"Request: POST http://localhost:8083/log_level_3/log","logger_name":"com.log.level.config.WebClientConfig","thread_name":"http-nio-8081-exec-7","level":"INFO","level_value":20000,"traceId":"decf91ebc503dd17","spanId":"decf91ebc503dd17"}
{"@timestamp":"2022-08-01T15:02:55.099-03:00","@version":"1","message":"Response: org.springframework.web.reactive.function.client.DefaultClientResponse@58d948ec","logger_name":"com.log.level.config.WebClientConfig","thread_name":"reactor-http-nio-3","level":"INFO","level_value":20000,"traceId":"decf91ebc503dd17","spanId":"decf91ebc503dd17"}
{"@timestamp":"2022-08-01T15:02:55.102-03:00","@version":"1","message":"INFO - end - Purchase","logger_name":"com.log.level.controller.LogController","thread_name":"http-nio-8081-exec-7","level":"INFO","level_value":20000,"traceId":"decf91ebc503dd17","spanId":"decf91ebc503dd17"}
{"@timestamp":"2022-08-01T15:03:01.323-03:00","@version":"1","message":"INFO - start - Purchase","logger_name":"com.log.level.controller.LogController","thread_name":"http-nio-8081-exec-8","level":"INFO","level_value":20000,"traceId":"71d94d683e58a57a","spanId":"71d94d683e58a57a","customer":456}
{"@timestamp":"2022-08-01T15:03:01.328-03:00","@version":"1","message":"Request: POST http://localhost:8083/log_level_3/log","logger_name":"com.log.level.config.WebClientConfig","thread_name":"http-nio-8081-exec-8","level":"INFO","level_value":20000,"traceId":"71d94d683e58a57a","spanId":"71d94d683e58a57a"}
{"@timestamp":"2022-08-01T15:03:01.342-03:00","@version":"1","message":"Response: org.springframework.web.reactive.function.client.DefaultClientResponse@ddef973","logger_name":"com.log.level.config.WebClientConfig","thread_name":"reactor-http-nio-3","level":"INFO","level_value":20000,"traceId":"71d94d683e58a57a","spanId":"71d94d683e58a57a"}
{"@timestamp":"2022-08-01T15:03:01.343-03:00","@version":"1","message":"INFO - end - Purchase","logger_name":"com.log.level.controller.LogController","thread_name":"http-nio-8081-exec-8","level":"INFO","level_value":20000,"traceId":"71d94d683e58a57a","spanId":"71d94d683e58a57a"}
{"@timestamp":"2022-08-01T15:03:29.86-03:00","@version":"1","message":"Commencing graceful shutdown. Waiting for active requests to complete","logger_name":"org.springframework.boot.web.embedded.tomcat.GracefulShutdown","thread_name":"SpringApplicationShutdownHook","level":"INFO","level_value":20000}
{"@timestamp":"2022-08-01T15:03:29.865-03:00","@version":"1","message":"Graceful shutdown complete","logger_name":"org.springframework.boot.web.embedded.tomcat.GracefulShutdown","thread_name":"tomcat-shutdown","level":"INFO","level_value":20000}
{"@timestamp":"2022-08-01T15:03:37.51-03:00","@version":"1","message":"Starting LogOneStarter using Java 17.0.3 on AGM-609823.local with PID 11639 (/Users/wedenson.freitas/git/log-study/log-level/log-level-1/target/classes started by wedenson.freitas in /Users/wedenson.freitas/git/log-study/log-level)","logger_name":"com.log.level.LogOneStarter","thread_name":"main","level":"INFO","level_value":20000}
{"@timestamp":"2022-08-01T15:03:37.52-03:00","@version":"1","message":"No active profile set, falling back to 1 default profile: \"default\"","logger_name":"com.log.level.LogOneStarter","thread_name":"main","level":"INFO","level_value":20000}
{"@timestamp":"2022-08-01T15:03:39.642-03:00","@version":"1","message":"BeanFactory id=1c666780-6e80-38f0-801c-00999835a7ce","logger_name":"org.springframework.cloud.context.scope.GenericScope","thread_name":"main","level":"INFO","level_value":20000}
{"@timestamp":"2022-08-01T15:03:40.739-03:00","@version":"1","message":"Tomcat initialized with port(s): 8081 (http)","logger_name":"org.springframework.boot.web.embedded.tomcat.TomcatWebServer","thread_name":"main","level":"INFO","level_value":20000}
{"@timestamp":"2022-08-01T15:03:40.748-03:00","@version":"1","message":"Initializing ProtocolHandler [\"http-nio-8081\"]","logger_name":"org.apache.coyote.http11.Http11NioProtocol","thread_name":"main","level":"INFO","level_value":20000}
{"@timestamp":"2022-08-01T15:03:40.749-03:00","@version":"1","message":"Starting service [Tomcat]","logger_name":"org.apache.catalina.core.StandardService","thread_name":"main","level":"INFO","level_value":20000}
{"@timestamp":"2022-08-01T15:03:40.749-03:00","@version":"1","message":"Starting Servlet engine: [Apache Tomcat/9.0.65]","logger_name":"org.apache.catalina.core.StandardEngine","thread_name":"main","level":"INFO","level_value":20000}
{"@timestamp":"2022-08-01T15:03:40.898-03:00","@version":"1","message":"Initializing Spring embedded WebApplicationContext","logger_name":"org.apache.catalina.core.ContainerBase.[Tomcat].[localhost].[/log_level_1]","thread_name":"main","level":"INFO","level_value":20000}
{"@timestamp":"2022-08-01T15:03:40.898-03:00","@version":"1","message":"Root WebApplicationContext: initialization completed in 3290 ms","logger_name":"org.springframework.boot.web.servlet.context.ServletWebServerApplicationContext","thread_name":"main","level":"INFO","level_value":20000}
{"@timestamp":"2022-08-01T15:03:44.026-03:00","@version":"1","message":"Exposing 4 endpoint(s) beneath base path '/actuator'","logger_name":"org.springframework.boot.actuate.endpoint.web.EndpointLinksResolver","thread_name":"main","level":"INFO","level_value":20000}
{"@timestamp":"2022-08-01T15:03:44.095-03:00","@version":"1","message":"Starting ProtocolHandler [\"http-nio-8081\"]","logger_name":"org.apache.coyote.http11.Http11NioProtocol","thread_name":"main","level":"INFO","level_value":20000}
{"@timestamp":"2022-08-01T15:03:44.114-03:00","@version":"1","message":"Tomcat started on port(s): 8081 (http) with context path '/log_level_1'","logger_name":"org.springframework.boot.web.embedded.tomcat.TomcatWebServer","thread_name":"main","level":"INFO","level_value":20000}
{"@timestamp":"2022-08-01T15:03:44.146-03:00","@version":"1","message":"Started LogOneStarter in 7.52 seconds (JVM running for 8.511)","logger_name":"com.log.level.LogOneStarter","thread_name":"main","level":"INFO","level_value":20000}
{"@timestamp":"2022-08-01T15:04:10.167-03:00","@version":"1","message":"Initializing Spring DispatcherServlet 'dispatcherServlet'","logger_name":"org.apache.catalina.core.ContainerBase.[Tomcat].[localhost].[/log_level_1]","thread_name":"http-nio-8081-exec-1","level":"INFO","level_value":20000,"traceId":"d54b9fbe9bbc76c4","spanId":"d54b9fbe9bbc76c4"}
{"@timestamp":"2022-08-01T15:04:10.168-03:00","@version":"1","message":"Initializing Servlet 'dispatcherServlet'","logger_name":"org.springframework.web.servlet.DispatcherServlet","thread_name":"http-nio-8081-exec-1","level":"INFO","level_value":20000,"traceId":"d54b9fbe9bbc76c4","spanId":"d54b9fbe9bbc76c4"}
{"@timestamp":"2022-08-01T15:04:10.17-03:00","@version":"1","message":"Completed initialization in 2 ms","logger_name":"org.springframework.web.servlet.DispatcherServlet","thread_name":"http-nio-8081-exec-1","level":"INFO","level_value":20000,"traceId":"d54b9fbe9bbc76c4","spanId":"d54b9fbe9bbc76c4"}
{"@timestamp":"2022-08-01T15:04:10.237-03:00","@version":"1","message":"INFO - start - Purchase","logger_name":"com.log.level.controller.LogController","thread_name":"http-nio-8081-exec-1","level":"INFO","level_value":20000,"traceId":"d54b9fbe9bbc76c4","spanId":"d54b9fbe9bbc76c4","customer":456}
{"@timestamp":"2022-08-01T15:04:10.262-03:00","@version":"1","message":"Request: POST http://localhost:8082/log_level_2/log/purchase","logger_name":"com.log.level.config.WebClientConfig","thread_name":"http-nio-8081-exec-1","level":"INFO","level_value":20000,"traceId":"d54b9fbe9bbc76c4","spanId":"d54b9fbe9bbc76c4"}
{"@timestamp":"2022-08-01T15:04:12.124-03:00","@version":"1","message":"Response: org.springframework.web.reactive.function.client.DefaultClientResponse@4f757ed9","logger_name":"com.log.level.config.WebClientConfig","thread_name":"reactor-http-nio-2","level":"INFO","level_value":20000,"traceId":"d54b9fbe9bbc76c4","spanId":"d54b9fbe9bbc76c4"}
{"@timestamp":"2022-08-01T15:04:12.173-03:00","@version":"1","message":"INFO - end - Purchase","logger_name":"com.log.level.controller.LogController","thread_name":"http-nio-8081-exec-1","level":"INFO","level_value":20000,"traceId":"d54b9fbe9bbc76c4","spanId":"d54b9fbe9bbc76c4"}
{"@timestamp":"2022-08-01T15:06:08.713-03:00","@version":"1","message":"INFO - start - Purchase","logger_name":"com.log.level.controller.LogController","thread_name":"http-nio-8081-exec-5","level":"INFO","level_value":20000,"traceId":"7966df2c20387b9f","spanId":"7966df2c20387b9f","customer":456}
{"@timestamp":"2022-08-01T15:06:08.723-03:00","@version":"1","message":"Request: POST http://localhost:8082/log_level_2/log/purchase","logger_name":"com.log.level.config.WebClientConfig","thread_name":"http-nio-8081-exec-5","level":"INFO","level_value":20000,"traceId":"7966df2c20387b9f","spanId":"7966df2c20387b9f"}
{"@timestamp":"2022-08-01T15:06:08.851-03:00","@version":"1","message":"Response: org.springframework.web.reactive.function.client.DefaultClientResponse@7dc04d93","logger_name":"com.log.level.config.WebClientConfig","thread_name":"reactor-http-nio-3","level":"INFO","level_value":20000,"traceId":"7966df2c20387b9f","spanId":"7966df2c20387b9f"}
{"@timestamp":"2022-08-01T15:06:08.853-03:00","@version":"1","message":"INFO - end - Purchase","logger_name":"com.log.level.controller.LogController","thread_name":"http-nio-8081-exec-5","level":"INFO","level_value":20000,"traceId":"7966df2c20387b9f","spanId":"7966df2c20387b9f"}
{"@timestamp":"2022-08-01T15:07:32.487-03:00","@version":"1","message":"Commencing graceful shutdown. Waiting for active requests to complete","logger_name":"org.springframework.boot.web.embedded.tomcat.GracefulShutdown","thread_name":"SpringApplicationShutdownHook","level":"INFO","level_value":20000}
{"@timestamp":"2022-08-01T15:07:32.499-03:00","@version":"1","message":"Graceful shutdown complete","logger_name":"org.springframework.boot.web.embedded.tomcat.GracefulShutdown","thread_name":"tomcat-shutdown","level":"INFO","level_value":20000}
{"@timestamp":"2022-08-01T15:07:42.488-03:00","@version":"1","message":"Starting LogOneStarter using Java 17.0.3 on AGM-609823.local with PID 11808 (/Users/wedenson.freitas/git/log-study/log-level/log-level-1/target/classes started by wedenson.freitas in /Users/wedenson.freitas/git/log-study/log-level)","logger_name":"com.log.level.LogOneStarter","thread_name":"main","level":"INFO","level_value":20000}
{"@timestamp":"2022-08-01T15:07:42.497-03:00","@version":"1","message":"No active profile set, falling back to 1 default profile: \"default\"","logger_name":"com.log.level.LogOneStarter","thread_name":"main","level":"INFO","level_value":20000}
{"@timestamp":"2022-08-01T15:07:44.546-03:00","@version":"1","message":"BeanFactory id=8602e6a5-9bc1-37d3-ab77-217bf5568845","logger_name":"org.springframework.cloud.context.scope.GenericScope","thread_name":"main","level":"INFO","level_value":20000}
{"@timestamp":"2022-08-01T15:07:45.653-03:00","@version":"1","message":"Tomcat initialized with port(s): 8081 (http)","logger_name":"org.springframework.boot.web.embedded.tomcat.TomcatWebServer","thread_name":"main","level":"INFO","level_value":20000}
{"@timestamp":"2022-08-01T15:07:45.664-03:00","@version":"1","message":"Initializing ProtocolHandler [\"http-nio-8081\"]","logger_name":"org.apache.coyote.http11.Http11NioProtocol","thread_name":"main","level":"INFO","level_value":20000}
{"@timestamp":"2022-08-01T15:07:45.665-03:00","@version":"1","message":"Starting service [Tomcat]","logger_name":"org.apache.catalina.core.StandardService","thread_name":"main","level":"INFO","level_value":20000}
{"@timestamp":"2022-08-01T15:07:45.665-03:00","@version":"1","message":"Starting Servlet engine: [Apache Tomcat/9.0.65]","logger_name":"org.apache.catalina.core.StandardEngine","thread_name":"main","level":"INFO","level_value":20000}
{"@timestamp":"2022-08-01T15:07:45.819-03:00","@version":"1","message":"Initializing Spring embedded WebApplicationContext","logger_name":"org.apache.catalina.core.ContainerBase.[Tomcat].[localhost].[/log_level_1]","thread_name":"main","level":"INFO","level_value":20000}
{"@timestamp":"2022-08-01T15:07:45.819-03:00","@version":"1","message":"Root WebApplicationContext: initialization completed in 3244 ms","logger_name":"org.springframework.boot.web.servlet.context.ServletWebServerApplicationContext","thread_name":"main","level":"INFO","level_value":20000}
{"@timestamp":"2022-08-01T15:07:49.04-03:00","@version":"1","message":"Exposing 4 endpoint(s) beneath base path '/actuator'","logger_name":"org.springframework.boot.actuate.endpoint.web.EndpointLinksResolver","thread_name":"main","level":"INFO","level_value":20000}
{"@timestamp":"2022-08-01T15:07:49.124-03:00","@version":"1","message":"Starting ProtocolHandler [\"http-nio-8081\"]","logger_name":"org.apache.coyote.http11.Http11NioProtocol","thread_name":"main","level":"INFO","level_value":20000}
{"@timestamp":"2022-08-01T15:07:49.142-03:00","@version":"1","message":"Tomcat started on port(s): 8081 (http) with context path '/log_level_1'","logger_name":"org.springframework.boot.web.embedded.tomcat.TomcatWebServer","thread_name":"main","level":"INFO","level_value":20000}
{"@timestamp":"2022-08-01T15:07:49.167-03:00","@version":"1","message":"Started LogOneStarter in 7.727 seconds (JVM running for 8.787)","logger_name":"com.log.level.LogOneStarter","thread_name":"main","level":"INFO","level_value":20000}
{"@timestamp":"2022-08-01T15:08:00.922-03:00","@version":"1","message":"Commencing graceful shutdown. Waiting for active requests to complete","logger_name":"org.springframework.boot.web.embedded.tomcat.GracefulShutdown","thread_name":"SpringApplicationShutdownHook","level":"INFO","level_value":20000}
{"@timestamp":"2022-08-01T15:08:00.93-03:00","@version":"1","message":"Graceful shutdown complete","logger_name":"org.springframework.boot.web.embedded.tomcat.GracefulShutdown","thread_name":"tomcat-shutdown","level":"INFO","level_value":20000}
{"@timestamp":"2022-08-01T15:08:16.247-03:00","@version":"1","message":"Starting LogOneStarter using Java 17.0.3 on AGM-609823.local with PID 11829 (/Users/wedenson.freitas/git/log-study/log-level/log-level-1/target/classes started by wedenson.freitas in /Users/wedenson.freitas/git/log-study/log-level)","logger_name":"com.log.level.LogOneStarter","thread_name":"main","level":"INFO","level_value":20000}
{"@timestamp":"2022-08-01T15:08:16.258-03:00","@version":"1","message":"No active profile set, falling back to 1 default profile: \"default\"","logger_name":"com.log.level.LogOneStarter","thread_name":"main","level":"INFO","level_value":20000}
{"@timestamp":"2022-08-01T15:08:18.665-03:00","@version":"1","message":"BeanFactory id=8602e6a5-9bc1-37d3-ab77-217bf5568845","logger_name":"org.springframework.cloud.context.scope.GenericScope","thread_name":"main","level":"INFO","level_value":20000}
{"@timestamp":"2022-08-01T15:08:20.395-03:00","@version":"1","message":"Tomcat initialized with port(s): 8081 (http)","logger_name":"org.springframework.boot.web.embedded.tomcat.TomcatWebServer","thread_name":"main","level":"INFO","level_value":20000}
{"@timestamp":"2022-08-01T15:08:20.406-03:00","@version":"1","message":"Initializing ProtocolHandler [\"http-nio-8081\"]","logger_name":"org.apache.coyote.http11.Http11NioProtocol","thread_name":"main","level":"INFO","level_value":20000}
{"@timestamp":"2022-08-01T15:08:20.407-03:00","@version":"1","message":"Starting service [Tomcat]","logger_name":"org.apache.catalina.core.StandardService","thread_name":"main","level":"INFO","level_value":20000}
{"@timestamp":"2022-08-01T15:08:20.408-03:00","@version":"1","message":"Starting Servlet engine: [Apache Tomcat/9.0.65]","logger_name":"org.apache.catalina.core.StandardEngine","thread_name":"main","level":"INFO","level_value":20000}
{"@timestamp":"2022-08-01T15:08:20.629-03:00","@version":"1","message":"Initializing Spring embedded WebApplicationContext","logger_name":"org.apache.catalina.core.ContainerBase.[Tomcat].[localhost].[/log_level_1]","thread_name":"main","level":"INFO","level_value":20000}
{"@timestamp":"2022-08-01T15:08:20.629-03:00","@version":"1","message":"Root WebApplicationContext: initialization completed in 4278 ms","logger_name":"org.springframework.boot.web.servlet.context.ServletWebServerApplicationContext","thread_name":"main","level":"INFO","level_value":20000}
{"@timestamp":"2022-08-01T15:08:27.211-03:00","@version":"1","message":"Exposing 4 endpoint(s) beneath base path '/actuator'","logger_name":"org.springframework.boot.actuate.endpoint.web.EndpointLinksResolver","thread_name":"main","level":"INFO","level_value":20000}
{"@timestamp":"2022-08-01T15:08:27.315-03:00","@version":"1","message":"Starting ProtocolHandler [\"http-nio-8081\"]","logger_name":"org.apache.coyote.http11.Http11NioProtocol","thread_name":"main","level":"INFO","level_value":20000}
{"@timestamp":"2022-08-01T15:08:27.355-03:00","@version":"1","message":"Tomcat started on port(s): 8081 (http) with context path '/log_level_1'","logger_name":"org.springframework.boot.web.embedded.tomcat.TomcatWebServer","thread_name":"main","level":"INFO","level_value":20000}
{"@timestamp":"2022-08-01T15:08:27.41-03:00","@version":"1","message":"Started LogOneStarter in 12.031 seconds (JVM running for 13.12)","logger_name":"com.log.level.LogOneStarter","thread_name":"main","level":"INFO","level_value":20000}
{"@timestamp":"2022-08-01T15:08:28.534-03:00","@version":"1","message":"Application registered itself as 5d2582557d5e","logger_name":"de.codecentric.boot.admin.client.registration.ApplicationRegistrator","thread_name":"registrationTask1","level":"INFO","level_value":20000}
{"@timestamp":"2022-08-01T15:08:28.664-03:00","@version":"1","message":"Initializing Spring DispatcherServlet 'dispatcherServlet'","logger_name":"org.apache.catalina.core.ContainerBase.[Tomcat].[localhost].[/log_level_1]","thread_name":"http-nio-8081-exec-1","level":"INFO","level_value":20000,"traceId":"493a83b29fbe61aa","spanId":"493a83b29fbe61aa"}
{"@timestamp":"2022-08-01T15:08:28.666-03:00","@version":"1","message":"Initializing Servlet 'dispatcherServlet'","logger_name":"org.springframework.web.servlet.DispatcherServlet","thread_name":"http-nio-8081-exec-1","level":"INFO","level_value":20000,"traceId":"493a83b29fbe61aa","spanId":"493a83b29fbe61aa"}
{"@timestamp":"2022-08-01T15:08:28.7-03:00","@version":"1","message":"Completed initialization in 34 ms","logger_name":"org.springframework.web.servlet.DispatcherServlet","thread_name":"http-nio-8081-exec-1","level":"INFO","level_value":20000,"traceId":"493a83b29fbe61aa","spanId":"493a83b29fbe61aa"}
